Ganache CLI v6.12.2 (ganache-core: 2.13.2)

Available Accounts
==================
(0) 0x90F8bf6A479f320ead074411a4B0e7944Ea8c9C1 (100 ETH)
(1) 0xFFcf8FDEE72ac11b5c542428B35EEF5769C409f0 (100 ETH)
(2) 0x22d491Bde2303f2f43325b2108D26f1eAbA1e32b (100 ETH)
(3) 0xE11BA2b4D45Eaed5996Cd0823791E0C93114882d (100 ETH)
(4) 0xd03ea8624C8C5987235048901fB614fDcA89b117 (100 ETH)
(5) 0x95cED938F7991cd0dFcb48F0a06a40FA1aF46EBC (100 ETH)
(6) 0x3E5e9111Ae8eB78Fe1CC3bb8915d5D461F3Ef9A9 (100 ETH)
(7) 0x28a8746e75304c0780E011BEd21C72cD78cd535E (100 ETH)
(8) 0xACa94ef8bD5ffEE41947b4585a84BdA5a3d3DA6E (100 ETH)
(9) 0x1dF62f291b2E969fB0849d99D9Ce41e2F137006e (100 ETH)

Private Keys
==================
(0) 0x4f3edf983ac636a65a842ce7c78d9aa706d3b113bce9c46f30d7d21715b23b1d
(1) 0x6cbed15c793ce57650b9877cf6fa156fbef513c4e6134f022a85b1ffdd59b2a1
(2) 0x6370fd033278c143179d81c5526140625662b8daa446c22ee2d73db3707e620c
(3) 0x646f1ce2fdad0e6deeeb5c7e8e5543bdde65e86029e2fd9fc169899c440a7913
(4) 0xadd53f9a7e588d003326d1cbf9e4a43c061aadd9bc938c843a79e7b4fd2ad743
(5) 0x395df67f0c2d2d9fe1ad08d1bc8b6627011959b79c53d7dd6a3536a33ab8a4fd
(6) 0xe485d098507f54e7733a205420dfddbe58db035fa577fc294ebd14db90767a52
(7) 0xa453611d9419d0e56f499079478fd72c37b251a94bfde4d19872c44cf65386e3
(8) 0x829e924fdf021ba3dbbc4225edfece9aca04b929d6e75613329ca6f1d31c0bb4
(9) 0xb0057716d5917badaf911b193b12b910811c1497b5bada8d7711f758981c3773

HD Wallet
==================
Mnemonic:      myth like bonus scare over problem client lizard pioneer submit female collect
Base HD Path:  m/44'/60'/0'/0/{account_index}

Gas Price
==================
20000000000

Gas Limit
==================
6721975

Call Gas Limit
==================
9007199254740991

Listening on 127.0.0.1:8545
eth_getBlockByNumber
eth_gasPrice
eth_estimateGas
eth_getTransactionCount
eth_sendRawTransaction

  Transaction: 0xaef8e686333267e68c0dfc925f823100c52110a87e561a57e14c37e031e15a96
  Contract created: 0xe78a0f7e598cc8b0bb87894b0f60dd2a88d6a8ab
  Gas usage: 1534986
  Block Number: 1
  Block Time: Mon Feb 28 2022 18:57:26 GMT+0000 (Western European Standard Time)

eth_getBalance
eth_getBlockByNumber
eth_gasPrice
eth_getCode
eth_estimateGas
eth_getTransactionCount
eth_sendRawTransaction

  Transaction: 0xdf64477da19192f94b8554b65e51c675411eff5f652532c7735e96f877a16353
  Gas usage: 193913
  Block Number: 2
  Block Time: Mon Feb 28 2022 19:01:10 GMT+0000 (Western European Standard Time)

eth_getTransactionReceipt
eth_call
eth_getLogs
eth_call
eth_call
eth_getBlockByNumber
eth_gasPrice
eth_getCode
eth_estimateGas
eth_getTransactionCount
eth_sendRawTransaction

  Transaction: 0xb34294fafc020e85066f14d4fe8a2cdecfbd8eaa88a7011bbc98f29969adba1f
  Gas usage: 46646
  Block Number: 3
  Block Time: Mon Feb 28 2022 19:01:34 GMT+0000 (Western European Standard Time)

eth_getTransactionReceipt
eth_getBalance
eth_getBlockByNumber
eth_gasPrice
eth_getCode
eth_estimateGas
eth_getTransactionCount
eth_sendRawTransaction

  Transaction: 0xd6d5e93292be28d804110c68d4c75d625ac737f9eae86fa6d1664499a88d0a08
  Gas usage: 52092
  Block Number: 4
  Block Time: Mon Feb 28 2022 19:01:35 GMT+0000 (Western European Standard Time)

eth_getTransactionReceipt
eth_getBalance
eth_getTransactionReceipt
eth_getBalance
eth_getBalance
eth_getBlockByNumber
eth_gasPrice
eth_getCode
eth_estimateGas
eth_getTransactionCount
eth_sendRawTransaction

  Transaction: 0xf223a37f87304361755e267a6d889c080aff866c2fc4cb0d7581fae964824ad6
  Gas usage: 178913
  Block Number: 5
  Block Time: Mon Feb 28 2022 19:02:46 GMT+0000 (Western European Standard Time)

eth_getTransactionReceipt
eth_call
eth_getLogs
eth_call
eth_call
eth_getBlockByNumber
eth_gasPrice
eth_getCode
eth_estimateGas
eth_getTransactionCount
eth_sendRawTransaction

  Transaction: 0x3a722ed0d0c41a70b333aecd1156eb91487ec160d0a54a68c030d401548c295e
  Gas usage: 46658
  Block Number: 6
  Block Time: Mon Feb 28 2022 19:02:49 GMT+0000 (Western European Standard Time)

eth_getTransactionReceipt
eth_getBalance
eth_getBlockByNumber
eth_gasPrice
eth_getCode
eth_estimateGas
eth_getTransactionCount
eth_sendRawTransaction

  Transaction: 0x42b56de2b4ffefa52ecce08ceb996b1614a2be235547f7cab77a05d0c181a5ab
  Gas usage: 52116
  Block Number: 7
  Block Time: Mon Feb 28 2022 19:02:49 GMT+0000 (Western European Standard Time)

eth_getTransactionReceipt
eth_getBalance
eth_getTransactionReceipt
eth_getBalance
eth_getBalance
eth_getBalance
eth_getBalance
eth_getBalance
eth_getBalance
eth_getBlockByNumber
eth_gasPrice
eth_getCode
eth_estimateGas
eth_getTransactionCount
eth_sendRawTransaction

  Transaction: 0x87514696bfd0f583614b6104b6ff1e251890013b54ad2c7464776ea78965c216
  Gas usage: 178913
  Block Number: 8
  Block Time: Mon Feb 28 2022 19:03:55 GMT+0000 (Western European Standard Time)

eth_getTransactionReceipt
eth_call
eth_getLogs
eth_call
eth_call
eth_getBlockByNumber
eth_gasPrice
eth_getCode
eth_estimateGas
eth_getTransactionCount
eth_sendRawTransaction

  Transaction: 0xae08b16bf18763a7b96b5288fa260ff5d1b632606900ddaf1b1c9067a9697e0d
  Gas usage: 46658
  Block Number: 9
  Block Time: Mon Feb 28 2022 19:03:57 GMT+0000 (Western European Standard Time)

eth_getTransactionReceipt
eth_getBalance
eth_getBlockByNumber
eth_gasPrice
eth_getCode
eth_estimateGas
eth_getTransactionCount
eth_sendRawTransaction

  Transaction: 0x3bd0e9bf69f6d5a464870ebb196a8e975bac23194327c0aa64367053c6f8885a
  Gas usage: 52116
  Block Number: 10
  Block Time: Mon Feb 28 2022 19:03:58 GMT+0000 (Western European Standard Time)

eth_getTransactionReceipt
eth_getBalance
eth_getTransactionReceipt
